[0m11:14:34.567091 [debug] [MainThread]: Sending event: {'category': 'dbt', 'action': 'invocation', 'label': 'start', 'context': [<snowplow_tracker.self_describing_json.SelfDescribingJson object at 0x000002049F42FB60>, <snowplow_tracker.self_describing_json.SelfDescribingJson object at 0x00000204A21C3740>, <snowplow_tracker.self_describing_json.SelfDescribingJson object at 0x00000204A25F1730>]}


============================== 11:14:34.629090 | 32c8c3d1-0866-4674-b8c3-f9003a8558e8 ==============================
[0m11:14:34.629090 [info ] [MainThread]: Running with dbt=1.9.0-b2
[0m11:14:34.631093 [debug] [MainThread]: running dbt with arguments {'printer_width': '80', 'indirect_selection': 'eager', 'write_json': 'True', 'log_cache_events': 'False', 'partial_parse': 'True', 'cache_selected_only': 'False', 'warn_error': 'None', 'fail_fast': 'False', 'profiles_dir': 'C:\\Users\\ammoreira\\.dbt', 'log_path': 'logs', 'debug': 'False', 'version_check': 'True', 'use_colors': 'True', 'use_experimental_parser': 'False', 'no_print': 'None', 'quiet': 'False', 'empty': 'None', 'log_format': 'default', 'invocation_command': 'dbt init vendas_dbt', 'static_parser': 'True', 'introspect': 'True', 'target_path': 'None', 'warn_error_options': 'WarnErrorOptions(include=[], exclude=[])', 'send_anonymous_usage_stats': 'True'}
[0m11:14:34.755092 [warn ] [MainThread]: [ConfigFolderDirectory]: Unable to parse dict {'dir': WindowsPath('C:/Users/ammoreira/.dbt')}
[0m11:14:34.757091 [info ] [MainThread]: Creating dbt configuration folder at 
[0m11:14:34.766092 [debug] [MainThread]: Starter project path: C:\dev\datawarehouse\.venv\Lib\site-packages\dbt\include\starter_project
[0m11:14:34.857092 [info ] [MainThread]: 
Your new dbt project "vendas_dbt" was created!

For more information on how to configure the profiles.yml file,
please consult the dbt documentation here:

  https://docs.getdbt.com/docs/configure-your-profile

One more thing:

Need help? Don't hesitate to reach out to us via GitHub issues or on Slack:

  https://community.getdbt.com/

Happy modeling!

[0m11:14:34.858092 [info ] [MainThread]: Setting up your profile.
[0m11:15:52.001526 [info ] [MainThread]: Profile vendas_dbt written to C:\Users\ammoreira\.dbt\profiles.yml using target's profile_template.yml and your supplied values. Run 'dbt debug' to validate the connection.
[0m11:15:52.004526 [debug] [MainThread]: Command `dbt init` succeeded at 11:15:52.004526 after 77.73 seconds
[0m11:15:52.005524 [debug] [MainThread]: Sending event: {'category': 'dbt', 'action': 'invocation', 'label': 'end', 'context': [<snowplow_tracker.self_describing_json.SelfDescribingJson object at 0x00000204A23FCCB0>, <snowplow_tracker.self_describing_json.SelfDescribingJson object at 0x00000204A22D6870>, <snowplow_tracker.self_describing_json.SelfDescribingJson object at 0x00000204A2AB3E30>]}
[0m11:15:52.006524 [debug] [MainThread]: Flushing usage events
[0m11:15:53.422523 [debug] [MainThread]: An error was encountered while trying to flush usage events
